
// ==========================================================================
//  GPPG error listing for yacc source file <SimpleYacc.y>
// ==========================================================================
//  Version:  1.3.6
//  Machine:  R202A-2
//  DateTime: 29.10.2014 12:21:56
//  UserName: student
// ==========================================================================


%{
// Ýòè îáúÿâëåíèÿ äîáàâëÿþòñÿ â êëàññ GPPGParser, ïðåäñòàâëÿþùèé ñîáîé ïàðñåð, ãåíåðèðóåìûé ñèñòåìîé gppg
    public Parser(AbstractScanner<int, LexLocation> scanner) : base(scanner) { }
%}

%output = SimpleYacc.cs

%namespace SimpleParser

%token BEGIN END CYCLE INUM RNUM ID ASSIGN SEMICOLON WHILE DO REPEAT UNTIL FOR TO WRITE OPENBRACKET CLOSEBRACKET IF THEN ELSE

%%
// Warning: Terminating write fixes the following size-1 NonTerminal set
   // {write}
// Error: NonTerminal symbol "write" has no productions
// Error: There are 1 non-terminating NonTerminal Symbols
   //  {write}
// ---------------------------------------------------------------------

progr   : block
		;

stlist	: statement 
		| stlist SEMICOLON statement 
		;

statement: assign
		| block  
		| cycle  
		| while
		| repeat
		| for
		| write
		;

ident 	: ID 
		;
	
assign 	: ident ASSIGN expr 
		;

expr	: ident  
		| INUM 
		;

block	: BEGIN stlist END 
		;

cycle	: CYCLE expr statement 
		;
		
while	: WHILE expr DO stlist
		;
		
repeat	: REPEAT stlist UNTIL expr
		;
		
for		: FOR assign TO expr DO stlist
		;

write	: WRITE OPENBRACKET expr CLOSEBRACKET
%%
// Error: Syntax error, unexpected "%%"
// ------------------------------------
// ==========================================================================

