
// ==========================================================================
//  GPPG error listing for yacc source file <SimpleYacc.y>
// ==========================================================================
//  Version:  1.3.6
//  Machine:  R101-2
//  DateTime: 18.12.2015 13:47:05
//  UserName: student
// ==========================================================================


%{
// Ýòè îáúÿâëåíèÿ äîáàâëÿþòñÿ â êëàññ GPPGParser, ïðåäñòàâëÿþùèé ñîáîé ïàðñåð, ãåíåðèðóåìûé ñèñòåìîé gppg
    public BlockNode root; // Êîðíåâîé óçåë ñèíòàêñè÷åñêîãî äåðåâà 
    public Parser(AbstractScanner<ValueType, LexLocation> scanner) : base(scanner) { }
%}

%output = SimpleYacc.cs

%union { 
			public double dVal; 
			public int iVal; 
			public string sVal; 
			public Node nVal;
			public ExprNode eVal;
			public StatementNode stVal;
			public BlockNode blVal;
			public VarsNode vsVal;
       }

%using ProgramTree;

%namespace SimpleParser

%token BEGIN END CYCLE ASSIGN SEMICOLON WHILE DO REPEAT UNTIL FOR TO WRITE OBR CBR IF THEN ELSE COMMA VAR ADD SUB MUL DIV
%token <iVal> INUM 
%token <dVal> RNUM 
%token <sVal> ID

%type <eVal> expr ident 
%type <stVal> assign statement cycle while repeat for write if var binary
%type <blVal> stlist block 
%type <vsVal> identl

%%
// Error: NonTerminal symbol "binary" has no productions
// Warning: Terminating binary fixes the following size-1 NonTerminal set
   // {binary}
// Error: There are 1 non-terminating NonTerminal Symbols
   //  {binary}
// ----------------------------------------------------------------------

progr   : block { root = $1; }
		;

stlist	: statement 
			{ 
				$$ = new BlockNode($1); 
			}
		| stlist SEMICOLON statement 
			{ 
				$1.Add($3); 
				$$ = $1; 
			}
		;

identl	: ident 
			{ 
				$$ = new VarsNode($1 as IdNode); 
			}	
		| identl COMMA ident
			{ 
				$1.Add($3 as IdNode); 
				$$ = $1; 
			}
		;
		
statement: assign { $$ = $1; }
		| block   { $$ = $1; }
		| cycle   { $$ = $1; }
		| while   { $$ = $1; }
		| repeat  { $$ = $1; }
		| for	  { $$ = $1; }
		| write   { $$ = $1; }
		| if	  { $$ = $1; }
		| var	  { $$ = $1; }
		| binary  { $$ = $1; }
	;

ident 	: ID { $$ = new IdNode($1); }	
		;
	
assign 	: ident ASSIGN expr { $$ = new AssignNode($1 as IdNode, $3); }
		;

expr	: ident  { $$ = $1 as IdNode; }
		| INUM { $$ = new IntNumNode($1); }
		;

block	: BEGIN stlist END { $$ = $2; }
		;

cycle	: CYCLE expr statement { $$ = new CycleNode($2, $3); }
		;

while	: WHILE expr DO statement { $$ = new WhileNode($2, $4); }
		;

repeat	: REPEAT stlist UNTIL expr { $$ = new RepeatNode($4, $2); }
		;

for		: FOR ident ASSIGN expr TO expr DO statement { $$ = new ForNode($2 as IdNode, $4, $6, $8); }
		;
		
write	: WRITE OBR expr CBR { $$ = new WriteNode($3); }
		;

if		: IF expr THEN statement { $$ = new IfNode($2, $4); }
		| IF expr THEN statement ELSE statement { $$ = new IfNode($2, $4, $6); }
		;
		
var		: VAR identl { $$ = new VarDefNode($2); }
		;
		
		
%%

// ==========================================================================

