#
# There is insufficient memory for the Java Runtime Environment to continue.
# Native memory allocation (malloc) failed to allocate 1048576 bytes for AllocateHeap
# Possible reasons:
#   The system is out of physical RAM or swap space
#   In 32 bit mode, the process size limit was hit
# Possible solutions:
#   Reduce memory load on the system
#   Increase physical memory or swap space
#   Check if swap backing store is full
#   Use 64 bit Java on a 64 bit OS
#   Decrease Java heap size (-Xmx/-Xms)
#   Decrease number of Java threads
#   Decrease Java thread stack sizes (-Xss)
#   Set larger code cache with -XX:ReservedCodeCacheSize=
# This output file may be truncated or incomplete.
#
#  Out of Memory Error (memory/allocation.inline.hpp:61), pid=7188, tid=2900
#
# JRE version:  (8.0_45-b14) (build )
# Java VM: Java HotSpot(TM) 64-Bit Server VM (25.45-b02 mixed mode windows-amd64 compressed oops)
# Failed to write core dump. Minidumps are not enabled by default on client versions of Windows
#

---------------  T H R E A D  ---------------

Current thread (0x0000000002840800):  JavaThread "Unknown thread" [_thread_in_vm, id=2900, stack(0x0000000002690000,0x0000000002790000)]

Stack: [0x0000000002690000,0x0000000002790000]
Native frames: (J=compiled Java code, j=interpreted, Vv=VM code, C=native code)
V  [jvm.dll+0x32b57a]


---------------  P R O C E S S  ---------------

Java Threads: ( => current thread )

Other Threads:

=>0x0000000002840800 (exited) JavaThread "Unknown thread" [_thread_in_vm, id=2900, stack(0x0000000002690000,0x0000000002790000)]

VM state:not at safepoint (normal execution)

VM Mutex/Monitor currently owned by a thread: None

Heap:
 PSYoungGen      total 38400K, used 665K [0x00000000d5d00000, 0x00000000d8780000, 0x0000000100000000)
  eden space 33280K, 2% used [0x00000000d5d00000,0x00000000d5da6670,0x00000000d7d80000)
  from space 5120K, 0% used [0x00000000d8280000,0x00000000d8280000,0x00000000d8780000)
  to   space 5120K, 0% used [0x00000000d7d80000,0x00000000d7d80000,0x00000000d8280000)
 ParOldGen       total 87552K, used 0K [0x0000000081600000, 0x0000000086b80000, 0x00000000d5d00000)
  object space 87552K, 0% used [0x0000000081600000,0x0000000081600000,0x0000000086b80000)
 Metaspace       used 742K, capacity 4480K, committed 4480K, reserved 1056768K
  class space    used 75K, capacity 384K, committed 384K, reserved 1048576K

Card table byte_map: [0x0000000002d00000,0x0000000003100000] byte_map_base: 0x00000000028f5000

Marking Bits: (ParMarkBitMap*) 0x0000000065774040
 Begin Bits: [0x0000000003bb0000, 0x0000000005b58000)
 End Bits:   [0x0000000005b58000, 0x0000000007b00000)

Polling page: 0x0000000000670000

CodeCache: size=245760Kb used=328Kb max_used=328Kb free=245431Kb
 bounds [0x000000000f010000, 0x000000000f280000, 0x000000001e010000]
 total_blobs=57 nmethods=0 adapters=37
 compilation: enabled

Compilation events (0 events):
No events

GC Heap History (0 events):
No events

Deoptimization events (0 events):
No events

Internal exceptions (0 events):
No events

Events (10 events):
Event: 0.097 loading class java/lang/Short
Event: 0.097 loading class java/lang/Short done
Event: 0.097 loading class java/lang/Integer
Event: 0.097 loading class java/lang/Integer done
Event: 0.097 loading class java/lang/Long
Event: 0.097 loading class java/lang/Long done
Event: 0.098 loading class java/lang/NullPointerException
Event: 0.098 loading class java/lang/NullPointerException done
Event: 0.098 loading class java/lang/ArithmeticException
Event: 0.098 loading class java/lang/ArithmeticException done


Dynamic libraries:
0x00007ff70bca0000 - 0x00007ff70bcd7000 	C:\Program Files\Java\jre1.8.0_45\bin\javaw.exe
0x00007fffdd370000 - 0x00007fffdd51d000 	C:\Windows\SYSTEM32\ntdll.dll
0x00007fffdcd50000 - 0x00007fffdce8e000 	C:\Windows\system32\KERNEL32.DLL
0x00007fffda870000 - 0x00007fffda985000 	C:\Windows\system32\KERNELBASE.dll
0x00007fffd9010000 - 0x00007fffd909e000 	C:\Windows\system32\apphelp.dll
0x00007fffce810000 - 0x00007fffce863000 	C:\Windows\AppPatch\AppPatch64\AcGenral.DLL
0x00007fffdab90000 - 0x00007fffdac3a000 	C:\Windows\system32\msvcrt.dll
0x00007fffda2a0000 - 0x00007fffda2ce000 	C:\Windows\SYSTEM32\SspiCli.dll
0x00007fffdcc50000 - 0x00007fffdcca4000 	C:\Windows\system32\SHLWAPI.dll
0x00007fffdcad0000 - 0x00007fffdcc47000 	C:\Windows\system32\USER32.dll
0x00007fffda9f0000 - 0x00007fffdab84000 	C:\Windows\system32\ole32.dll
0x00007fffdb440000 - 0x00007fffdc96a000 	C:\Windows\system32\SHELL32.dll
0x00007fffd9a10000 - 0x00007fffd9a31000 	C:\Windows\SYSTEM32\USERENV.dll
0x00007fffdd0a0000 - 0x00007fffdd14a000 	C:\Windows\system32\ADVAPI32.dll
0x00007fffd2060000 - 0x00007fffd207e000 	C:\Windows\SYSTEM32\MPR.dll
0x00007fffdc980000 - 0x00007fffdcac1000 	C:\Windows\system32\RPCRT4.dll
0x00007fffdcef0000 - 0x00007fffdcf49000 	C:\Windows\SYSTEM32\sechost.dll
0x00007fffdb1a0000 - 0x00007fffdb3b1000 	C:\Windows\SYSTEM32\combase.dll
0x00007fffdcf50000 - 0x00007fffdd0a0000 	C:\Windows\system32\GDI32.dll
0x00007fffda4c0000 - 0x00007fffda4d5000 	C:\Windows\SYSTEM32\profapi.dll
0x00007fffd8c50000 - 0x00007fffd8d02000 	C:\Windows\SYSTEM32\SHCORE.dll
0x00007fffdafd0000 - 0x00007fffdb006000 	C:\Windows\system32\IMM32.DLL
0x00007fffdd210000 - 0x00007fffdd362000 	C:\Windows\system32\MSCTF.dll
0x00007fffda470000 - 0x00007fffda4a2000 	C:\Windows\system32\nvinitx.dll
0x00007fffda460000 - 0x00007fffda46a000 	C:\Windows\SYSTEM32\VERSION.dll
0x000000000f000000 - 0x000000000f006000 	C:\Program Files\NVIDIA Corporation\CoProcManager\_etoured.dll
0x00007fffd8770000 - 0x00007fffd87a2000 	C:\Program Files\NVIDIA Corporation\CoProcManager\nvd3d9wrapx.dll
0x00007fffdadf0000 - 0x00007fffdafca000 	C:\Windows\system32\SETUPAPI.dll
0x00007fffda640000 - 0x00007fffda68f000 	C:\Windows\system32\CFGMGR32.dll
0x00007fffd8740000 - 0x00007fffd8762000 	C:\Program Files\NVIDIA Corporation\CoProcManager\nvdxgiwrapx.dll
0x00007fffd8310000 - 0x00007fffd858b000 	C:\Windows\WinSxS\amd64_microsoft.windows.common-controls_6595b64144ccf1df_6.0.9600.18006_none_623f33d3ecbe86e8\COMCTL32.dll
0x0000000066080000 - 0x0000000066152000 	C:\Program Files\Java\jre1.8.0_45\bin\msvcr100.dll
0x0000000064f70000 - 0x00000000657f3000 	C:\Program Files\Java\jre1.8.0_45\bin\server\jvm.dll
0x00007fffce690000 - 0x00007fffce699000 	C:\Windows\SYSTEM32\WSOCK32.dll
0x00007fffd6380000 - 0x00007fffd63a2000 	C:\Windows\SYSTEM32\WINMM.dll
0x00007fffdc970000 - 0x00007fffdc977000 	C:\Windows\system32\PSAPI.DLL
0x00007fffdce90000 - 0x00007fffdceea000 	C:\Windows\system32\WS2_32.dll
0x00007fffd6340000 - 0x00007fffd636a000 	C:\Windows\SYSTEM32\WINMMBASE.dll
0x00007fffdb3c0000 - 0x00007fffdb3c9000 	C:\Windows\system32\NSI.dll
0x00007fffd9290000 - 0x00007fffd92b8000 	C:\Windows\SYSTEM32\DEVOBJ.dll
0x00000000663b0000 - 0x00000000663bf000 	C:\Program Files\Java\jre1.8.0_45\bin\verify.dll
0x0000000066380000 - 0x00000000663a9000 	C:\Program Files\Java\jre1.8.0_45\bin\java.dll
0x0000000066060000 - 0x0000000066076000 	C:\Program Files\Java\jre1.8.0_45\bin\zip.dll
0x00007fffd1100000 - 0x00007fffd1289000 	C:\Windows\SYSTEM32\dbghelp.dll

VM Arguments:
jvm_args: -Dfile.encoding=Cp1251 
java_command: client.client
java_class_path (initial): C:\Users\Игорь\workspace\client\bin
Launcher Type: SUN_STANDARD

Environment Variables:
PATH=C:/Program Files/Java/jre1.8.0_77/bin/server;C:/Program Files/Java/jre1.8.0_77/bin;C:/Program Files/Java/jre1.8.0_77/lib/amd64;C:\Program Files (x86)\Google\Chrome\Application;C:\Program Files\Haskell\bin;O:\7.10.3\lib\extralibs\bin;O:\7.10.3\bin;C:\Program Files (x86)\NVIDIA Corporation\PhysX\Common;C:\ProgramData\Oracle\Java\javapath;C:\Windows\system32;C:\Windows;C:\Windows\System32\Wbem;C:\Windows\System32\WindowsPowerShell\v1.0\;C:\Program Files (x86)\Windows Kits\8.1\Windows Performance Toolkit\;C:\Program Files\Microsoft SQL Server\110\Tools\Binn\;C:\Program Files (x86)\Microsoft SDKs\TypeScript\1.0\;C:\Program Files\Microsoft SQL Server\120\Tools\Binn\;C:\Program Files (x86)\GtkSharp\2.12\bin;C:\Program Files (x86)\GTK2-Runtime\bin;C:\Program Files (x86)\MiKTeX 2.9\miktex\bin\;O:\7.10.3\mingw\bin;C:\Program Files (x86)\SMLNJ\bin\;C:\Users\Игорь\AppData\Roaming\cabal\bin;O:\SIR2100\Загрузки;
USERNAME=Игорь
OS=Windows_NT
PROCESSOR_IDENTIFIER=Intel64 Family 6 Model 42 Stepping 7, GenuineIntel



---------------  S Y S T E M  ---------------

OS: Windows 8.1 , 64 bit Build 9600 (6.3.9600.17415)

CPU:total 8 (4 cores per cpu, 2 threads per core) family 6 model 42 stepping 7, cmov, cx8, fxsr, mmx, sse, sse2, sse3, ssse3, sse4.1, sse4.2, popcnt, avx, aes, clmul, ht, tsc, tscinvbit

Memory: 4k page, physical 8298244k(1033732k free), swap 8298256k(3496k free)

vm_info: Java HotSpot(TM) 64-Bit Server VM (25.45-b02) for windows-amd64 JRE (1.8.0_45-b14), built on Apr 10 2015 10:34:15 by "java_re" with MS VC++ 10.0 (VS2010)

time: Sat Apr 09 16:06:47 2016
elapsed time: 1 seconds (0d 0h 0m 1s)

