C:\USERS\Серый\DESKTOP\Лаба_8_сервер\Лаба_8_сервер\DEBUG\SERVER_TCP.OBJ
C:\USERS\СЕРЫЙ\DESKTOP\ЛАБА_8_СЕРВЕР\ЛАБА_8_СЕРВЕР\DEBUG\VC110.PDB
C:\USERS\Серый\DESKTOP\Лаба_8_сервер\DEBUG\Лаба_8_сервер.ILK
C:\USERS\Серый\DESKTOP\Лаба_8_сервер\DEBUG\Лаба_8_сервер.EXE
C:\USERS\СЕРЫЙ\DESKTOP\ЛАБА_8_СЕРВЕР\DEBUG\ЛАБА_8_СЕРВЕР.PDB
C:\Users\Серый\Desktop\Лаба_8_сервер\Лаба_8_сервер\Debug\server_TCP.obj
C:\Users\Серый\Desktop\Лаба_8_сервер\Лаба_8_сервер\Debug\cl.command.1.tlog
C:\Users\Серый\Desktop\Лаба_8_сервер\Лаба_8_сервер\Debug\CL.read.1.tlog
C:\Users\Серый\Desktop\Лаба_8_сервер\Лаба_8_сервер\Debug\CL.write.1.tlog
C:\Users\Серый\Desktop\Лаба_8_сервер\Лаба_8_сервер\Debug\link-cvtres.read.1.tlog
C:\Users\Серый\Desktop\Лаба_8_сервер\Лаба_8_сервер\Debug\link-cvtres.write.1.tlog
C:\Users\Серый\Desktop\Лаба_8_сервер\Лаба_8_сервер\Debug\link-rc.read.1.tlog
C:\Users\Серый\Desktop\Лаба_8_сервер\Лаба_8_сервер\Debug\link-rc.write.1.tlog
C:\Users\Серый\Desktop\Лаба_8_сервер\Лаба_8_сервер\Debug\link.3480-cvtres.read.1.tlog
C:\Users\Серый\Desktop\Лаба_8_сервер\Лаба_8_сервер\Debug\link.3480-cvtres.write.1.tlog
C:\Users\Серый\Desktop\Лаба_8_сервер\Лаба_8_сервер\Debug\link.3480-rc.read.1.tlog
C:\Users\Серый\Desktop\Лаба_8_сервер\Лаба_8_сервер\Debug\link.3480-rc.write.1.tlog
C:\Users\Серый\Desktop\Лаба_8_сервер\Лаба_8_сервер\Debug\link.3480.read.1.tlog
C:\Users\Серый\Desktop\Лаба_8_сервер\Лаба_8_сервер\Debug\link.3480.write.1.tlog
C:\Users\Серый\Desktop\Лаба_8_сервер\Лаба_8_сервер\Debug\link.5396-cvtres.read.1.tlog
C:\Users\Серый\Desktop\Лаба_8_сервер\Лаба_8_сервер\Debug\link.5396-cvtres.write.1.tlog
C:\Users\Серый\Desktop\Лаба_8_сервер\Лаба_8_сервер\Debug\link.5396-rc.read.1.tlog
C:\Users\Серый\Desktop\Лаба_8_сервер\Лаба_8_сервер\Debug\link.5396-rc.write.1.tlog
C:\Users\Серый\Desktop\Лаба_8_сервер\Лаба_8_сервер\Debug\link.5396.read.1.tlog
C:\Users\Серый\Desktop\Лаба_8_сервер\Лаба_8_сервер\Debug\link.5396.write.1.tlog
C:\Users\Серый\Desktop\Лаба_8_сервер\Лаба_8_сервер\Debug\link.6840-cvtres.read.1.tlog
C:\Users\Серый\Desktop\Лаба_8_сервер\Лаба_8_сервер\Debug\link.6840-cvtres.write.1.tlog
C:\Users\Серый\Desktop\Лаба_8_сервер\Лаба_8_сервер\Debug\link.6840-rc.read.1.tlog
C:\Users\Серый\Desktop\Лаба_8_сервер\Лаба_8_сервер\Debug\link.6840-rc.write.1.tlog
C:\Users\Серый\Desktop\Лаба_8_сервер\Лаба_8_сервер\Debug\link.6840.read.1.tlog
C:\Users\Серый\Desktop\Лаба_8_сервер\Лаба_8_сервер\Debug\link.6840.write.1.tlog
C:\Users\Серый\Desktop\Лаба_8_сервер\Лаба_8_сервер\Debug\link.command.1.tlog
C:\Users\Серый\Desktop\Лаба_8_сервер\Лаба_8_сервер\Debug\link.read.1.tlog
C:\Users\Серый\Desktop\Лаба_8_сервер\Лаба_8_сервер\Debug\link.write.1.tlog
C:\Users\Серый\Desktop\Лаба_8_сервер\Лаба_8_сервер\Debug\vc110.idb
C:\Users\Серый\Desktop\Лаба_8_сервер\Лаба_8_сервер\Debug\vc110.pdb
C:\Users\Серый\Desktop\Лаба_8_сервер\Debug\Лаба_8_сервер.pdb
C:\Users\Серый\Desktop\Лаба_8_сервер\Debug\Лаба_8_сервер.exe
C:\Users\Серый\Desktop\Лаба_8_сервер\Debug\Лаба_8_сервер.ilk
